
running 9 tests
test tests::connection_diagnostics_do_not_contain_a_supplied_secret ... ok
test tests::sanitize_table_accepts_safe_logical_store_identifier ... ok
test tests::malformed_dsn_diagnostics_never_echo_credentials_or_hosts ... ok
test tests::parse_unix_mode_reads_octal_string_and_decimal ... ok
test tests::sanitize_table_rejects_injection_and_component_name_overflow ... ok
test tests::empty_ca_bundle_fails_closed_without_disclosing_its_path ... ok
test tests::tls_policy_parses_only_explicit_unix_socket_as_plaintext ... ok
test tests::tls_policy_rejects_weaker_mixed_duplicate_and_relative_ca_configuration ... ok
test tests::tls_policy_parses_verified_tcp_url_and_keyword_dsn ... ok

test result: ok. 9 passed; 0 failed; 0 ignored; 0 measured; 0 filtered out; finished in 0.00s


running 13 tests
test readonly_open_never_initializes_or_runs_migrations ... ok
test postgresql_list_order_matches_rust_byte_order_across_letter_case ... ok
test injected_initialization_failure_rolls_back_every_relation_and_allows_retry ... ok
test failed_postgresql_migration_rolls_back_schema_and_backup_creation ... ok
test migration_backup_and_explicit_rollback_restore_the_legacy_postgresql_store ... ok
test postgresql_corrupt_blob_is_rejected_before_publication_and_cleans_temporary_file ... ok
test postgresql_concurrent_materializations_have_exactly_one_complete_winner ... ok
test redb_and_postgresql_have_identical_atomic_executable_and_no_replace_observations ... ok
test future_or_unknown_schema_is_refused_before_blob_access ... ok
test pg_blobstore_contract_is_content_addressed_and_reopenable ... ok
test explicit_migration_converts_legacy_content_rows_to_blobs_and_path_refs ... ok
test redb_and_postgresql_have_identical_blobstore_observations_across_reopen_and_update ... ok
test concurrent_initializers_serialize_and_all_observe_one_complete_store ... ok

test result: ok. 13 passed; 0 failed; 0 ignored; 0 measured; 0 filtered out; finished in 0.09s


running 5 tests
test every_lifecycle_entrypoint_rejects_an_empty_dsn ... ok
test unsafe_table_names_are_rejected_before_connection_and_do_not_echo_credentials ... ok
test remote_tcp_requires_an_explicit_ca_before_connection ... ok
test remote_tcp_without_verified_tls_is_refused_before_authentication ... ok
test explicit_unix_socket_path_is_the_only_plaintext_connection_policy ... ok

test result: ok. 5 passed; 0 failed; 0 ignored; 0 measured; 0 filtered out; finished in 0.00s


running 14 tests
test tests::migration_refuses_unknown_schema_without_creating_a_backup ... ok
test tests::initialize_and_read_back_metadata ... ok
test tests::unknown_schema_version_is_refused ... ok
test tests::concurrent_materializations_have_exactly_one_complete_winner ... ok
test tests::materialization_refuses_replace_and_cleans_publication_temporary_file ... ok
test tests::non_rust_binary_artifact_materializes_exact_bytes ... ok
test tests::corrupt_blob_is_rejected_before_publication_and_cleans_temporary_file ... ok
test tests::captured_paths_drive_resume_after_checkpoint ... ok
test tests::source_file_materialization_restores_unix_executable_bits ... ok
test tests::batch_capture_matches_per_file_and_is_durable ... ok
test tests::backup_and_restore_smoke_preserves_metadata ... ok
test tests::source_blob_persists_and_materializes_after_restore ... ok
test tests::legacy_schema_migrates_with_backup_and_explicit_rollback ... ok
test tests::lock_contention_blocks_until_writer_lifecycle_release ... ok

test result: ok. 14 passed; 0 failed; 0 ignored; 0 measured; 0 filtered out; finished in 0.11s


running 0 tests

test result: ok. 0 passed; 0 failed; 0 ignored; 0 measured; 0 filtered out; finished in 0.00s


running 0 tests

test result: ok. 0 passed; 0 failed; 0 ignored; 0 measured; 0 filtered out; finished in 0.00s

