
running 24 tests
test merge::tests::parse_package_name_skips_virtual_manifest ... ok
test tests::apply_gate_allows_only_complete_operator_provenance ... ok
test tests::apply_gate_refuses_missing_operator_approval ... ok
test tests::apply_gate_refuses_incomplete_operator_decision_provenance ... ok
test tests::bidirectional_sync_reports_source_drift_conflict ... ok
test tests::bidirectional_sync_requires_matching_final_rescan ... ok
test tests::change_plan_graph_is_reviewable_without_apply ... ok
test tests::failed_apply_recovery_requires_restored_source_snapshot ... ok
test tests::failed_materialization_recovery_records_audit_and_restored_snapshot ... ok
test merge::tests::classifies_identical_divergent_and_unique ... ok
test tests::schema_tables_convert_into_rows ... ok
test tests::isolated_patch_artifact_refuses_source_checkout_target ... ok
test tests::filesystem_scan_rows_are_stable ... ok
test tests::source_snapshot_drift_blocks_change_plan_before_apply ... ok
test tests::stale_approved_plan_cannot_apply_silently ... ok
test tests::isolated_patch_artifact_writes_outside_source_checkout ... ok
test tests::secret_like_source_is_redacted_by_policy ... ok
test merge::tests::detects_crate_name_collisions ... ok
test tests::symlink_materialization_records_metadata_only_fallback ... ok
test tests::workspace_identity_is_deterministic ... ok
test tests::source_metadata_is_metadata_only_by_default ... ok
test tests::symlink_scan_records_target_and_supported_materialization_row ... ok
test tests::clean_git_fixture_proves_no_mutation ... ok
test tests::dirty_git_fixture_proves_no_new_mutation ... ok

test result: ok. 24 passed; 0 failed; 0 ignored; 0 measured; 0 filtered out; finished in 0.02s


running 16 tests
test classifier_is_a_guard_and_never_an_authorization ... ok
test default_is_deny_even_when_classifier_finds_no_secret ... ok
test exact_source_verification_debug_output_never_contains_source_bytes ... ok
test built_in_policy_authorizes_only_core_owned_safe_source_classes ... ok
test external_policy_ancestor_replacement_cannot_redirect_the_open ... ok
test external_policy_moved_under_held_repository_before_open_is_rejected ... ok
test external_policy_rejects_non_public_provenance_identifiers ... ok
test external_policy_final_replacement_cannot_redirect_the_held_read ... ok
test metadata_only_decision_preserves_hash_bound_exact_source_reproduction ... ok
test external_policy_is_digest_bound_and_outside_the_repository ... ok
test external_policy_cannot_widen_sensitive_config_or_unknown_classes ... ok
test external_policy_repository_root_replacement_does_not_change_held_containment ... ok
test repository_controlled_policy_cannot_self_authorize_raw_persistence ... ok
test external_policy_rejects_symlinks_special_files_and_oversize_files ... ok
test unsafe_or_escaping_paths_are_unknown_and_metadata_only ... ok
test policy_provenance_never_echoes_an_opaque_caller_binding ... ok

test result: ok. 16 passed; 0 failed; 0 ignored; 0 measured; 0 filtered out; finished in 0.00s


running 3 tests
test final_and_ancestor_symlinks_are_rejected_without_reading_outside_bytes ... ok
test reads_regular_file_bytes_and_mode_from_one_contained_handle ... ok
test root_path_replacement_cannot_redirect_an_opened_containment_handle ... ok

test result: ok. 3 passed; 0 failed; 0 ignored; 0 measured; 0 filtered out; finished in 0.00s


running 7 tests
test accepts_only_normal_portable_relative_paths ... ok
test checksum_mismatch_publishes_nothing_and_cleans_temporary_files ... ok
test atomic_materialization_rejects_symlink_components_without_escape ... ok
test rejects_an_output_root_that_is_a_symlink ... ok
test identity_bound_rollback_preserves_a_concurrent_replacement ... ok
test identity_bound_rollback_removes_only_the_published_file ... ok
test atomic_materialization_is_checksum_bound_durable_and_no_replace ... ok

test result: ok. 7 passed; 0 failed; 0 ignored; 0 measured; 0 filtered out; finished in 0.00s


running 4 tests
test invalid_utf8_and_binary_are_uncertain_and_never_raw_persistence_safe ... ok
test keeps_known_benign_text_clear_without_weakening_fail_closed_policy ... ok
test source_policy_preserves_metadata_only_fail_closed_handling_for_uncertainty ... ok
test detects_conservative_path_and_content_secret_matrix ... ok

test result: ok. 4 passed; 0 failed; 0 ignored; 0 measured; 0 filtered out; finished in 0.00s


running 3 tests
test planner_refuses_unknown_downgrade_ambiguous_and_cyclic_routes ... ok
test planner_resolves_a_dynamic_multi_step_path_without_backend_branching ... ok
test schema_versions_parse_strictly_and_render_canonically ... ok

test result: ok. 3 passed; 0 failed; 0 ignored; 0 measured; 0 filtered out; finished in 0.00s


running 4 tests
test bare_pg_requires_an_explicit_external_postgresql_dsn ... ok
test parses_filesystem_paths_and_redb_urls_as_redb ... ok
test parses_postgresql_and_postgres_urls_as_postgresql ... ok
test rejects_every_unknown_uri_scheme_without_filesystem_writes ... ok

test result: ok. 4 passed; 0 failed; 0 ignored; 0 measured; 0 filtered out; finished in 0.00s


running 21 tests
test compiler_execution_gate_tests::boolean_and_request_shaped_data_cannot_execute_a_compiler ... ok
test compiler_execution_gate_tests::missing_mandatory_sandbox_fails_closed_before_compiler_execution ... ok
test compiler_execution_gate_tests::capability_is_bound_to_exact_options_and_source_bytes ... ok
test tests::anonymous_impl_identity_is_distinct_and_marked_unstable ... ok
test tests::build_script_fixture_emits_static_rows_and_gaps ... ok
test tests::identity_scan_reports_anonymous_source_shift_as_conflict ... ok
test tests::compiler_evidence_defaults_to_fail_closed ... ok
test tests::macro_expansion_gate_records_question_not_fact ... ok
test tests::native_link_fixture_emits_static_rows_and_gaps ... ok
test tests::include_fixture_passes ... ok
test tests::macro_fixture_passes_with_gaps ... ok
test tests::simple_item_fixture_passes ... ok
test tests::semantic_and_public_api_hashes_are_stable_for_expected_inputs ... ok
test tests::proc_macro_fixture_emits_static_rows_and_gaps ... ok
test compiler_observed_tests::unavailable_toolchain_fails_closed_with_an_operable_positive_path ... ok
test tests::fixture_workspace_roots_are_reserved_and_collision_free ... ok
test compiler_execution_gate_tests::capability_is_single_use_and_replay_fails_closed ... ok
test tests::compiler_observed_macro_evidence_is_provenanced_or_fails_closed ... ok
test tests::compiler_and_rustdoc_semantic_evidence_tracks_public_api_source_drift ... ok
test compiler_observed_tests::observes_real_proc_macro_and_pins_every_compiler_artifact ... ok
test compiler_broker::broker_captures_pinned_hir_mir_rustdoc_for_macro_rules_and_proc_macro ... ok

test result: ok. 21 passed; 0 failed; 0 ignored; 0 measured; 0 filtered out; finished in 1.75s


running 0 tests

test result: ok. 0 passed; 0 failed; 0 ignored; 0 measured; 0 filtered out; finished in 0.00s


running 2 tests
test crates/codedb_rust_static/src/lib.rs - capture_compiler_evidence (line 1286) - compile fail ... ok
test crates/codedb_rust_static/src/lib.rs - capture_compiler_evidence (line 1294) - compile fail ... ok

test result: ok. 2 passed; 0 failed; 0 ignored; 0 measured; 0 filtered out; finished in 0.02s

