
running 23 tests
test tests::capture_policy_cli_construction_is_backend_neutral_and_rejects_secret_bearing_values ... ok
test tests::cli_store_selection_rejects_postgresql_argv_credentials_without_echoing_them ... ok
test tests::cli_store_selection_rejects_unknown_uri_schemes_before_opening_a_backend ... ok
test tests::cli_pg_selector_uses_only_codedb_pg_conn_not_ambient_database_url ... ok
test tests::materialize_postgresql_identity_hides_percent_encoded_sentinels ... ok
test tests::materialize_postgresql_identity_hides_query_values ... ok
test tests::materialize_postgresql_identity_hides_url_credentials ... ok
test tests::mcp_frontdoor_rejects_postgresql_argv_sentinels_without_echoing_them ... ok
test tests::mutating_bidirectional_commands_are_not_cli_defaults ... ok
test tests::temp_repo_reserves_exclusive_directories_for_parallel_tests ... ok
test tests::replacement_before_late_failure_is_preserved_and_audited_as_residual ... ok
test tests::envctl_export_includes_materialization_targets ... ok
test tests::envctl_export_manifest_checksum_matches_observable_checksum_rows ... ok
test tests::agent_harness_export_captures_full_fixture_surface ... ok
test tests::runner_proof_manifest_keeps_bidirectional_release_gate_pending_until_all_tasks_complete ... ok
test tests::envctl_export_normalizes_redb_and_postgresql_store_contracts_without_dsn_leakage ... ok
test tests::mcp_frontdoor_ignores_arbitrary_server_override_without_executing_marker ... ok
test tests::mcp_child_environment_is_minimal_and_pg_conn_is_backend_scoped ... ok
test tests::default_capture_persists_metadata_only_even_for_classifier_clear_source ... ok
test tests::explicit_safe_source_policy_persists_source_but_never_secret_bytes ... ok
test tests::capture_reads_remain_bound_to_scanned_root_after_path_symlink_swap ... ok
test tests::multi_file_materialization_rolls_back_new_files_after_late_failure ... ok
test tests::external_policy_requires_outside_path_and_exact_repository_snapshot_binding ... ok

test result: ok. 23 passed; 0 failed; 0 ignored; 0 measured; 0 filtered out; finished in 0.04s


running 1 test
test scan_and_export_accept_nontrivial_relative_repo_paths ... ok

test result: ok. 1 passed; 0 failed; 0 ignored; 0 measured; 0 filtered out; finished in 0.25s


running 24 tests
test merge::tests::parse_package_name_skips_virtual_manifest ... ok
test tests::apply_gate_allows_only_complete_operator_provenance ... ok
test tests::apply_gate_refuses_incomplete_operator_decision_provenance ... ok
test tests::apply_gate_refuses_missing_operator_approval ... ok
test tests::bidirectional_sync_reports_source_drift_conflict ... ok
test tests::bidirectional_sync_requires_matching_final_rescan ... ok
test tests::change_plan_graph_is_reviewable_without_apply ... ok
test tests::failed_apply_recovery_requires_restored_source_snapshot ... ok
test tests::failed_materialization_recovery_records_audit_and_restored_snapshot ... ok
test merge::tests::classifies_identical_divergent_and_unique ... ok
test tests::isolated_patch_artifact_refuses_source_checkout_target ... ok
test tests::schema_tables_convert_into_rows ... ok
test tests::filesystem_scan_rows_are_stable ... ok
test tests::source_snapshot_drift_blocks_change_plan_before_apply ... ok
test tests::isolated_patch_artifact_writes_outside_source_checkout ... ok
test tests::stale_approved_plan_cannot_apply_silently ... ok
test tests::symlink_materialization_records_metadata_only_fallback ... ok
test tests::secret_like_source_is_redacted_by_policy ... ok
test tests::source_metadata_is_metadata_only_by_default ... ok
test merge::tests::detects_crate_name_collisions ... ok
test tests::workspace_identity_is_deterministic ... ok
test tests::symlink_scan_records_target_and_supported_materialization_row ... ok
test tests::clean_git_fixture_proves_no_mutation ... ok
test tests::dirty_git_fixture_proves_no_new_mutation ... ok

test result: ok. 24 passed; 0 failed; 0 ignored; 0 measured; 0 filtered out; finished in 0.02s


running 16 tests
test default_is_deny_even_when_classifier_finds_no_secret ... ok
test classifier_is_a_guard_and_never_an_authorization ... ok
test exact_source_verification_debug_output_never_contains_source_bytes ... ok
test built_in_policy_authorizes_only_core_owned_safe_source_classes ... ok
test external_policy_ancestor_replacement_cannot_redirect_the_open ... ok
test external_policy_rejects_non_public_provenance_identifiers ... ok
test policy_provenance_never_echoes_an_opaque_caller_binding ... ok
test external_policy_final_replacement_cannot_redirect_the_held_read ... ok
test external_policy_moved_under_held_repository_before_open_is_rejected ... ok
test external_policy_is_digest_bound_and_outside_the_repository ... ok
test metadata_only_decision_preserves_hash_bound_exact_source_reproduction ... ok
test external_policy_cannot_widen_sensitive_config_or_unknown_classes ... ok
test external_policy_repository_root_replacement_does_not_change_held_containment ... ok
test repository_controlled_policy_cannot_self_authorize_raw_persistence ... ok
test unsafe_or_escaping_paths_are_unknown_and_metadata_only ... ok
test external_policy_rejects_symlinks_special_files_and_oversize_files ... ok

test result: ok. 16 passed; 0 failed; 0 ignored; 0 measured; 0 filtered out; finished in 0.00s


running 3 tests
test final_and_ancestor_symlinks_are_rejected_without_reading_outside_bytes ... ok
test root_path_replacement_cannot_redirect_an_opened_containment_handle ... ok
test reads_regular_file_bytes_and_mode_from_one_contained_handle ... ok

test result: ok. 3 passed; 0 failed; 0 ignored; 0 measured; 0 filtered out; finished in 0.00s


running 7 tests
test accepts_only_normal_portable_relative_paths ... ok
test checksum_mismatch_publishes_nothing_and_cleans_temporary_files ... ok
test atomic_materialization_rejects_symlink_components_without_escape ... ok
test rejects_an_output_root_that_is_a_symlink ... ok
test identity_bound_rollback_preserves_a_concurrent_replacement ... ok
test atomic_materialization_is_checksum_bound_durable_and_no_replace ... ok
test identity_bound_rollback_removes_only_the_published_file ... ok

test result: ok. 7 passed; 0 failed; 0 ignored; 0 measured; 0 filtered out; finished in 0.00s


running 4 tests
test invalid_utf8_and_binary_are_uncertain_and_never_raw_persistence_safe ... ok
test keeps_known_benign_text_clear_without_weakening_fail_closed_policy ... ok
test source_policy_preserves_metadata_only_fail_closed_handling_for_uncertainty ... ok
test detects_conservative_path_and_content_secret_matrix ... ok

test result: ok. 4 passed; 0 failed; 0 ignored; 0 measured; 0 filtered out; finished in 0.00s


running 3 tests
test planner_refuses_unknown_downgrade_ambiguous_and_cyclic_routes ... ok
test planner_resolves_a_dynamic_multi_step_path_without_backend_branching ... ok
test schema_versions_parse_strictly_and_render_canonically ... ok

test result: ok. 3 passed; 0 failed; 0 ignored; 0 measured; 0 filtered out; finished in 0.00s


running 4 tests
test bare_pg_requires_an_explicit_external_postgresql_dsn ... ok
test parses_filesystem_paths_and_redb_urls_as_redb ... ok
test parses_postgresql_and_postgres_urls_as_postgresql ... ok
test rejects_every_unknown_uri_scheme_without_filesystem_writes ... ok

test result: ok. 4 passed; 0 failed; 0 ignored; 0 measured; 0 filtered out; finished in 0.00s


running 0 tests

test result: ok. 0 passed; 0 failed; 0 ignored; 0 measured; 0 filtered out; finished in 0.00s

