
running 23 tests
test tests::capture_policy_cli_construction_is_backend_neutral_and_rejects_secret_bearing_values ... ok
test tests::cli_store_selection_rejects_postgresql_argv_credentials_without_echoing_them ... ok
test tests::cli_pg_selector_uses_only_codedb_pg_conn_not_ambient_database_url ... ok
test tests::cli_store_selection_rejects_unknown_uri_schemes_before_opening_a_backend ... ok
test tests::materialize_postgresql_identity_hides_percent_encoded_sentinels ... ok
test tests::materialize_postgresql_identity_hides_query_values ... ok
test tests::materialize_postgresql_identity_hides_url_credentials ... ok
test tests::mutating_bidirectional_commands_are_not_cli_defaults ... ok
test tests::temp_repo_reserves_exclusive_directories_for_parallel_tests ... ok
test tests::mcp_frontdoor_rejects_postgresql_argv_sentinels_without_echoing_them ... ok
test tests::replacement_before_late_failure_is_preserved_and_audited_as_residual ... ok
test tests::envctl_export_includes_materialization_targets ... ok
test tests::envctl_export_manifest_checksum_matches_observable_checksum_rows ... ok
test tests::agent_harness_export_captures_full_fixture_surface ... ok
test tests::envctl_export_normalizes_redb_and_postgresql_store_contracts_without_dsn_leakage ... ok
test tests::runner_proof_manifest_keeps_bidirectional_release_gate_pending_until_all_tasks_complete ... ok
test tests::mcp_child_environment_is_minimal_and_pg_conn_is_backend_scoped ... ok
test tests::mcp_frontdoor_ignores_arbitrary_server_override_without_executing_marker ... ok
test tests::default_capture_persists_metadata_only_even_for_classifier_clear_source ... ok
test tests::capture_reads_remain_bound_to_scanned_root_after_path_symlink_swap ... ok
test tests::explicit_safe_source_policy_persists_source_but_never_secret_bytes ... ok
test tests::multi_file_materialization_rolls_back_new_files_after_late_failure ... ok
test tests::external_policy_requires_outside_path_and_exact_repository_snapshot_binding ... ok

test result: ok. 23 passed; 0 failed; 0 ignored; 0 measured; 0 filtered out; finished in 0.04s


running 1 test
test scan_and_export_accept_nontrivial_relative_repo_paths ... ok

test result: ok. 1 passed; 0 failed; 0 ignored; 0 measured; 0 filtered out; finished in 0.25s

