requirement proof ledger: FAILED
CDB013: release-blocking evidence status: partial
CDB013: release-blocking task status: planned
CDB014: release-blocking evidence status: partial
CDB014: release-blocking task status: planned
CDB015: release-blocking evidence status: partial
CDB015: release-blocking task status: planned
CDB016: release-blocking evidence status: partial
CDB016: release-blocking task status: planned
CDB017: release-blocking evidence status: partial
CDB017: release-blocking task status: planned
CDB018: release-blocking evidence status: partial
CDB018: release-blocking task status: planned
CDB019: release-blocking evidence status: partial
CDB019: release-blocking task status: planned
CDB020: release-blocking evidence status: partial
CDB020: release-blocking task status: planned
CDB021: release-blocking evidence status: partial
CDB021: release-blocking task status: planned
CDB022: release-blocking evidence status: partial
CDB022: release-blocking task status: planned
CDB023: release-blocking evidence status: partial
CDB023: release-blocking task status: planned
CDB024: release-blocking evidence status: partial
CDB024: release-blocking task status: planned
CDB025: release-blocking evidence status: partial
CDB025: release-blocking task status: planned
CDB026: release-blocking evidence status: partial
CDB026: release-blocking task status: planned
CDB027: release-blocking evidence status: partial
CDB027: release-blocking task status: planned
CDB028: release-blocking evidence status: partial
CDB028: release-blocking task status: planned
CDB029: release-blocking evidence status: partial
CDB029: release-blocking task status: planned
CDB030: release-blocking evidence status: partial
CDB030: release-blocking task status: planned
CDB031: release-blocking evidence status: partial
CDB031: release-blocking task status: planned
CDB032: release-blocking evidence status: partial
CDB032: release-blocking task status: planned
CDB033: release-blocking evidence status: partial
CDB033: release-blocking task status: planned
CDB034: release-blocking evidence status: partial
CDB034: release-blocking task status: planned
CDB035: release-blocking evidence status: partial
CDB035: release-blocking task status: planned
CDB036: release-blocking evidence status: partial
CDB036: release-blocking task status: planned
CDB037: release-blocking evidence status: partial
CDB037: release-blocking task status: planned
CDB038: release-blocking evidence status: partial
CDB038: release-blocking task status: planned
CDB039: release-blocking evidence status: partial
CDB039: release-blocking task status: planned
CDB040: release-blocking evidence status: partial
CDB040: release-blocking task status: planned
CDB041: release-blocking evidence status: partial
CDB041: release-blocking task status: planned
CDB042: release-blocking evidence status: partial
CDB042: release-blocking task status: planned
CDB043: release-blocking evidence status: partial
CDB043: release-blocking task status: planned
CDB044: release-blocking evidence status: partial
CDB044: release-blocking task status: planned
CDB045: release-blocking evidence status: partial
CDB045: release-blocking task status: planned
CDB046: release-blocking evidence status: missing
CDB046: release-blocking task status: planned
CDB047: release-blocking evidence status: missing
CDB047: release-blocking task status: planned
CDB048: release-blocking evidence status: partial
CDB048: release-blocking task status: planned
CDB049: release-blocking evidence status: partial
CDB049: release-blocking task status: planned
CDB050: release-blocking evidence status: partial
CDB050: release-blocking task status: planned
CDB051: release-blocking evidence status: partial
CDB051: release-blocking task status: planned
CDB052: release-blocking evidence status: partial
CDB052: release-blocking task status: planned
CDB053: release-blocking evidence status: partial
CDB053: release-blocking task status: planned
CDB054: release-blocking evidence status: partial
CDB054: release-blocking task status: planned
CDB055: release-blocking evidence status: partial
CDB055: release-blocking task status: planned
CDB056: release-blocking evidence status: partial
CDB056: release-blocking task status: planned
CDB057: release-blocking evidence status: partial
CDB057: release-blocking task status: planned
CDB058: release-blocking evidence status: partial
CDB058: release-blocking task status: planned
CDB059: release-blocking evidence status: partial
CDB059: release-blocking task status: planned
CDB060: release-blocking evidence status: partial
CDB060: release-blocking task status: planned
CDB061: release-blocking evidence status: partial
CDB061: release-blocking task status: planned
CDB062: release-blocking evidence status: partial
CDB062: release-blocking task status: planned
CDB063: release-blocking evidence status: partial
CDB063: release-blocking task status: planned
CDB077: release-blocking evidence status: partial
CDB077: release-blocking task status: active
CDB078: release-blocking evidence status: partial
CDB078: release-blocking task status: active
CDB079: release-blocking evidence status: partial
CDB079: release-blocking task status: active
CDB080: release-blocking evidence status: partial
CDB080: release-blocking task status: active
CDB081: release-blocking evidence status: partial
CDB081: release-blocking task status: active
CDB082: release-blocking evidence status: partial
CDB082: release-blocking task status: active
CDB083: release-blocking evidence status: partial
CDB083: release-blocking task status: active
CDB084: release-blocking evidence status: partial
CDB084: release-blocking task status: active
CDB085: release-blocking evidence status: partial
CDB085: release-blocking task status: active
CDB086: release-blocking evidence status: partial
CDB086: release-blocking task status: active
CDB087: release-blocking evidence status: partial
CDB087: release-blocking task status: active
CDB088: release-blocking evidence status: partial
CDB088: release-blocking task status: active
CDB089: release-blocking evidence status: partial
CDB089: release-blocking task status: active
CDB090: release-blocking evidence status: missing
CDB090: release-blocking task status: active
CDB106-AC01: release-blocking evidence status: partial
CDB106-AC01: release-blocking task status: active
CDB106-AC02: release-blocking evidence status: partial
CDB106-AC02: release-blocking task status: active
CDB106-AC03: release-blocking evidence status: partial
CDB106-AC03: release-blocking task status: active
CDB106-AC04: release-blocking evidence status: missing
CDB106-AC04: release-blocking task status: active
CDB106-AC05: release-blocking evidence status: partial
CDB106-AC05: release-blocking task status: active
CDB106-AC08: release-blocking evidence status: partial
CDB106-AC08: release-blocking task status: active
CDB106-AC09: release-blocking evidence status: missing
CDB106-AC09: release-blocking task status: active
CDB106-AC10: release-blocking evidence status: partial
CDB106-AC10: release-blocking task status: active
REQ-061-AC01: release-blocking evidence status: partial
REQ-061-AC01: release-blocking task status: active
REQ-061-AC02: release-blocking evidence status: partial
REQ-061-AC02: release-blocking task status: active
REQ-061-AC03: release-blocking evidence status: partial
REQ-061-AC03: release-blocking task status: active
REQ-061-AC04: release-blocking evidence status: partial
REQ-061-AC04: release-blocking task status: active
REQ-061-AC05: release-blocking evidence status: partial
REQ-061-AC05: release-blocking task status: active
REQ-061-AC06: release-blocking evidence status: partial
REQ-061-AC06: release-blocking task status: active
REQ-061-AC07: release-blocking evidence status: missing
REQ-061-AC07: release-blocking task status: active
REQ-061-AC08: release-blocking evidence status: missing
REQ-061-AC08: release-blocking task status: active
REQ-061-AC09: release-blocking evidence status: missing
REQ-061-AC09: release-blocking task status: active
REQ-061-AC10: release-blocking evidence status: missing
REQ-061-AC10: release-blocking task status: active
REQ-061-AC11: release-blocking evidence status: missing
REQ-061-AC11: release-blocking task status: active
REQ-061-AC12: release-blocking evidence status: missing
REQ-061-AC12: release-blocking task status: active
REQ-061-ARCH01: release-blocking evidence status: partial
REQ-061-ARCH01: release-blocking task status: active
REQ-061-ARCH02: release-blocking evidence status: partial
REQ-061-ARCH02: release-blocking task status: active
REQ-061-ARCH03: release-blocking evidence status: missing
REQ-061-ARCH03: release-blocking task status: active
REQ-061-ARCH04: release-blocking evidence status: missing
REQ-061-ARCH04: release-blocking task status: active
REQ-061-ARCH05: release-blocking evidence status: missing
REQ-061-ARCH05: release-blocking task status: active
REQ-061-ARCH06: release-blocking evidence status: partial
REQ-061-ARCH06: release-blocking task status: active
REQ-061-ARCH07: release-blocking evidence status: partial
REQ-061-ARCH07: release-blocking task status: active
REQ-061-ARCH08: release-blocking evidence status: missing
REQ-061-ARCH08: release-blocking task status: active
REQ-061-ARCH09: release-blocking evidence status: missing
REQ-061-ARCH09: release-blocking task status: active
REQ-061-ARCH10: release-blocking evidence status: missing
REQ-061-ARCH10: release-blocking task status: active
REQ-061-ARCH11: release-blocking evidence status: missing
REQ-061-ARCH11: release-blocking task status: active
REQ-061-ARCH12: release-blocking evidence status: missing
REQ-061-ARCH12: release-blocking task status: active
REQ-061-ARCH13: release-blocking evidence status: missing
REQ-061-ARCH13: release-blocking task status: active
REQ-061-ARCH14: release-blocking evidence status: missing
REQ-061-ARCH14: release-blocking task status: active
REQ-061-ARCH15: release-blocking evidence status: partial
REQ-061-ARCH15: release-blocking task status: active
REQ-061-ARCH16: release-blocking evidence status: missing
REQ-061-ARCH16: release-blocking task status: active
REQ-061-ARCH17: release-blocking evidence status: missing
REQ-061-ARCH17: release-blocking task status: active
REQ-061-ARCH18: release-blocking evidence status: missing
REQ-061-ARCH18: release-blocking task status: active
REQ-061-ARCH19: release-blocking evidence status: missing
REQ-061-ARCH19: release-blocking task status: active
REQ-061-CMD01: release-blocking evidence status: missing
REQ-061-CMD01: release-blocking task status: active
REQ-061-CMD02: release-blocking evidence status: partial
REQ-061-CMD02: release-blocking task status: active
REQ-061-CMD03: release-blocking evidence status: partial
REQ-061-CMD03: release-blocking task status: active
REQ-061-CMD04: release-blocking evidence status: missing
REQ-061-CMD04: release-blocking task status: active
REQ-061-CMD05: release-blocking evidence status: missing
REQ-061-CMD05: release-blocking task status: active
REQ-061-CMD06: release-blocking evidence status: partial
REQ-061-CMD06: release-blocking task status: active
REQ-061-CMD07: release-blocking evidence status: missing
REQ-061-CMD07: release-blocking task status: active
REQ-061-CMD08: release-blocking evidence status: missing
REQ-061-CMD08: release-blocking task status: active
REQ-061-CMD09: release-blocking evidence status: missing
REQ-061-CMD09: release-blocking task status: active
REQ-061-CMD10: release-blocking evidence status: missing
REQ-061-CMD10: release-blocking task status: active
REQ-061-CMD11: release-blocking evidence status: missing
REQ-061-CMD11: release-blocking task status: active
REQ-061-MISS01: release-blocking evidence status: partial
REQ-061-MISS01: release-blocking task status: active
REQ-061-MISS02: release-blocking evidence status: partial
REQ-061-MISS02: release-blocking task status: active
REQ-061-MISS03: release-blocking evidence status: missing
REQ-061-MISS03: release-blocking task status: active
REQ-061-MISS04: release-blocking evidence status: missing
REQ-061-MISS04: release-blocking task status: active
REQ-061-MISS05: release-blocking evidence status: missing
REQ-061-MISS05: release-blocking task status: active
REQ-061-MISS06: release-blocking evidence status: missing
REQ-061-MISS06: release-blocking task status: active
REQ-061-MISS07: release-blocking evidence status: missing
REQ-061-MISS07: release-blocking task status: active
REQ-061-MISS08: release-blocking evidence status: missing
REQ-061-MISS08: release-blocking task status: active
REQ-061-MISS09: release-blocking evidence status: missing
REQ-061-MISS09: release-blocking task status: active
REQ-061-MISS10: release-blocking evidence status: missing
REQ-061-MISS10: release-blocking task status: active
REQ-061-MISS11: release-blocking evidence status: partial
REQ-061-MISS11: release-blocking task status: active
REQ-061-MISS12: release-blocking evidence status: partial
REQ-061-MISS12: release-blocking task status: active
REQ-061-MISS13: release-blocking evidence status: missing
REQ-061-MISS13: release-blocking task status: active
REQ-061-NFR01: release-blocking evidence status: partial
REQ-061-NFR01: release-blocking task status: active
REQ-061-NFR02: release-blocking evidence status: partial
REQ-061-NFR02: release-blocking task status: active
REQ-061-NFR03: release-blocking evidence status: missing
REQ-061-NFR03: release-blocking task status: active
REQ-061-NFR04: release-blocking evidence status: missing
REQ-061-NFR04: release-blocking task status: active
REQ-061-NFR05: release-blocking evidence status: missing
REQ-061-NFR05: release-blocking task status: active
REQ-061-NFR06: release-blocking evidence status: partial
REQ-061-NFR06: release-blocking task status: active
REQ-061-NFR07: release-blocking evidence status: partial
REQ-061-NFR07: release-blocking task status: active
REQ-061-NFR08: release-blocking evidence status: missing
REQ-061-NFR08: release-blocking task status: active
REQ-061-NFR09: release-blocking evidence status: missing
REQ-061-NFR09: release-blocking task status: active
REQ-061-NFR10: release-blocking evidence status: missing
REQ-061-NFR10: release-blocking task status: active
