bidirectional task graph has incomplete rows: ['CDB077:active', 'CDB078:active', 'CDB079:active', 'CDB080:active', 'CDB081:active', 'CDB082:active', 'CDB083:active', 'CDB084:active', 'CDB085:active', 'CDB086:active', 'CDB087:active', 'CDB088:active', 'CDB089:active', 'CDB090:active']
requirement proof ledger: CDB013: release-blocking evidence status: partial
requirement proof ledger: CDB013: release-blocking task status: planned
requirement proof ledger: CDB014: release-blocking evidence status: partial
requirement proof ledger: CDB014: release-blocking task status: planned
requirement proof ledger: CDB015: release-blocking evidence status: partial
requirement proof ledger: CDB015: release-blocking task status: planned
requirement proof ledger: CDB016: release-blocking evidence status: partial
requirement proof ledger: CDB016: release-blocking task status: planned
requirement proof ledger: CDB017: release-blocking evidence status: partial
requirement proof ledger: CDB017: release-blocking task status: planned
requirement proof ledger: CDB018: release-blocking evidence status: partial
requirement proof ledger: CDB018: release-blocking task status: planned
requirement proof ledger: CDB019: release-blocking evidence status: partial
requirement proof ledger: CDB019: release-blocking task status: planned
requirement proof ledger: CDB020: release-blocking evidence status: partial
requirement proof ledger: CDB020: release-blocking task status: planned
requirement proof ledger: CDB021: release-blocking evidence status: partial
requirement proof ledger: CDB021: release-blocking task status: planned
requirement proof ledger: CDB022: release-blocking evidence status: partial
requirement proof ledger: CDB022: release-blocking task status: planned
requirement proof ledger: CDB023: release-blocking evidence status: partial
requirement proof ledger: CDB023: release-blocking task status: planned
requirement proof ledger: CDB024: release-blocking evidence status: partial
requirement proof ledger: CDB024: release-blocking task status: planned
requirement proof ledger: CDB025: release-blocking evidence status: partial
requirement proof ledger: CDB025: release-blocking task status: planned
requirement proof ledger: CDB026: release-blocking evidence status: partial
requirement proof ledger: CDB026: release-blocking task status: planned
requirement proof ledger: CDB027: release-blocking evidence status: partial
requirement proof ledger: CDB027: release-blocking task status: planned
requirement proof ledger: CDB028: release-blocking evidence status: partial
requirement proof ledger: CDB028: release-blocking task status: planned
requirement proof ledger: CDB029: release-blocking evidence status: partial
requirement proof ledger: CDB029: release-blocking task status: planned
requirement proof ledger: CDB030: release-blocking evidence status: partial
requirement proof ledger: CDB030: release-blocking task status: planned
requirement proof ledger: CDB031: release-blocking evidence status: partial
requirement proof ledger: CDB031: release-blocking task status: planned
requirement proof ledger: CDB032: release-blocking evidence status: partial
requirement proof ledger: CDB032: release-blocking task status: planned
requirement proof ledger: CDB033: release-blocking evidence status: partial
requirement proof ledger: CDB033: release-blocking task status: planned
requirement proof ledger: CDB034: release-blocking evidence status: partial
requirement proof ledger: CDB034: release-blocking task status: planned
requirement proof ledger: CDB035: release-blocking evidence status: partial
requirement proof ledger: CDB035: release-blocking task status: planned
requirement proof ledger: CDB036: release-blocking evidence status: partial
requirement proof ledger: CDB036: release-blocking task status: planned
requirement proof ledger: CDB037: release-blocking evidence status: partial
requirement proof ledger: CDB037: release-blocking task status: planned
requirement proof ledger: CDB038: release-blocking evidence status: partial
requirement proof ledger: CDB038: release-blocking task status: planned
requirement proof ledger: CDB039: release-blocking evidence status: partial
requirement proof ledger: CDB039: release-blocking task status: planned
requirement proof ledger: CDB040: release-blocking evidence status: partial
requirement proof ledger: CDB040: release-blocking task status: planned
requirement proof ledger: CDB041: release-blocking evidence status: partial
requirement proof ledger: CDB041: release-blocking task status: planned
requirement proof ledger: CDB042: release-blocking evidence status: partial
requirement proof ledger: CDB042: release-blocking task status: planned
requirement proof ledger: CDB043: release-blocking evidence status: partial
requirement proof ledger: CDB043: release-blocking task status: planned
requirement proof ledger: CDB044: release-blocking evidence status: partial
requirement proof ledger: CDB044: release-blocking task status: planned
requirement proof ledger: CDB045: release-blocking evidence status: partial
requirement proof ledger: CDB045: release-blocking task status: planned
requirement proof ledger: CDB046: release-blocking evidence status: missing
requirement proof ledger: CDB046: release-blocking task status: planned
requirement proof ledger: CDB047: release-blocking evidence status: missing
requirement proof ledger: CDB047: release-blocking task status: planned
requirement proof ledger: CDB048: release-blocking evidence status: partial
requirement proof ledger: CDB048: release-blocking task status: planned
requirement proof ledger: CDB049: release-blocking evidence status: partial
requirement proof ledger: CDB049: release-blocking task status: planned
requirement proof ledger: CDB050: release-blocking evidence status: partial
requirement proof ledger: CDB050: release-blocking task status: planned
requirement proof ledger: CDB051: release-blocking evidence status: partial
requirement proof ledger: CDB051: release-blocking task status: planned
requirement proof ledger: CDB052: release-blocking evidence status: partial
requirement proof ledger: CDB052: release-blocking task status: planned
requirement proof ledger: CDB053: release-blocking evidence status: partial
requirement proof ledger: CDB053: release-blocking task status: planned
requirement proof ledger: CDB054: release-blocking evidence status: partial
requirement proof ledger: CDB054: release-blocking task status: planned
requirement proof ledger: CDB055: release-blocking evidence status: partial
requirement proof ledger: CDB055: release-blocking task status: planned
requirement proof ledger: CDB056: release-blocking evidence status: partial
requirement proof ledger: CDB056: release-blocking task status: planned
requirement proof ledger: CDB057: release-blocking evidence status: partial
requirement proof ledger: CDB057: release-blocking task status: planned
requirement proof ledger: CDB058: release-blocking evidence status: partial
requirement proof ledger: CDB058: release-blocking task status: planned
requirement proof ledger: CDB059: release-blocking evidence status: partial
requirement proof ledger: CDB059: release-blocking task status: planned
requirement proof ledger: CDB060: release-blocking evidence status: partial
requirement proof ledger: CDB060: release-blocking task status: planned
requirement proof ledger: CDB061: release-blocking evidence status: partial
requirement proof ledger: CDB061: release-blocking task status: planned
requirement proof ledger: CDB062: release-blocking evidence status: partial
requirement proof ledger: CDB062: release-blocking task status: planned
requirement proof ledger: CDB063: release-blocking evidence status: partial
requirement proof ledger: CDB063: release-blocking task status: planned
requirement proof ledger: CDB077: release-blocking evidence status: partial
requirement proof ledger: CDB077: release-blocking task status: active
requirement proof ledger: CDB078: release-blocking evidence status: partial
requirement proof ledger: CDB078: release-blocking task status: active
requirement proof ledger: CDB079: release-blocking evidence status: partial
requirement proof ledger: CDB079: release-blocking task status: active
requirement proof ledger: CDB080: release-blocking evidence status: partial
requirement proof ledger: CDB080: release-blocking task status: active
requirement proof ledger: CDB081: release-blocking evidence status: partial
requirement proof ledger: CDB081: release-blocking task status: active
requirement proof ledger: CDB082: release-blocking evidence status: partial
requirement proof ledger: CDB082: release-blocking task status: active
requirement proof ledger: CDB083: release-blocking evidence status: partial
requirement proof ledger: CDB083: release-blocking task status: active
requirement proof ledger: CDB084: release-blocking evidence status: partial
requirement proof ledger: CDB084: release-blocking task status: active
requirement proof ledger: CDB085: release-blocking evidence status: partial
requirement proof ledger: CDB085: release-blocking task status: active
requirement proof ledger: CDB086: release-blocking evidence status: partial
requirement proof ledger: CDB086: release-blocking task status: active
requirement proof ledger: CDB087: release-blocking evidence status: partial
requirement proof ledger: CDB087: release-blocking task status: active
requirement proof ledger: CDB088: release-blocking evidence status: partial
requirement proof ledger: CDB088: release-blocking task status: active
requirement proof ledger: CDB089: release-blocking evidence status: partial
requirement proof ledger: CDB089: release-blocking task status: active
requirement proof ledger: CDB090: release-blocking evidence status: missing
requirement proof ledger: CDB090: release-blocking task status: active
requirement proof ledger: CDB106-AC01: release-blocking evidence status: partial
requirement proof ledger: CDB106-AC01: release-blocking task status: active
requirement proof ledger: CDB106-AC02: release-blocking evidence status: partial
requirement proof ledger: CDB106-AC02: release-blocking task status: active
requirement proof ledger: CDB106-AC03: release-blocking evidence status: partial
requirement proof ledger: CDB106-AC03: release-blocking task status: active
requirement proof ledger: CDB106-AC04: release-blocking evidence status: missing
requirement proof ledger: CDB106-AC04: release-blocking task status: active
requirement proof ledger: CDB106-AC05: release-blocking evidence status: partial
requirement proof ledger: CDB106-AC05: release-blocking task status: active
requirement proof ledger: CDB106-AC08: release-blocking evidence status: partial
requirement proof ledger: CDB106-AC08: release-blocking task status: active
requirement proof ledger: CDB106-AC09: release-blocking evidence status: missing
requirement proof ledger: CDB106-AC09: release-blocking task status: active
requirement proof ledger: CDB106-AC10: release-blocking evidence status: partial
requirement proof ledger: CDB106-AC10: release-blocking task status: active
requirement proof ledger: REQ-061-AC01: release-blocking evidence status: partial
requirement proof ledger: REQ-061-AC01: release-blocking task status: active
requirement proof ledger: REQ-061-AC02: release-blocking evidence status: partial
requirement proof ledger: REQ-061-AC02: release-blocking task status: active
requirement proof ledger: REQ-061-AC03: release-blocking evidence status: partial
requirement proof ledger: REQ-061-AC03: release-blocking task status: active
requirement proof ledger: REQ-061-AC04: release-blocking evidence status: partial
requirement proof ledger: REQ-061-AC04: release-blocking task status: active
requirement proof ledger: REQ-061-AC05: release-blocking evidence status: partial
requirement proof ledger: REQ-061-AC05: release-blocking task status: active
requirement proof ledger: REQ-061-AC06: release-blocking evidence status: partial
requirement proof ledger: REQ-061-AC06: release-blocking task status: active
requirement proof ledger: REQ-061-AC07: release-blocking evidence status: missing
requirement proof ledger: REQ-061-AC07: release-blocking task status: active
requirement proof ledger: REQ-061-AC08: release-blocking evidence status: missing
requirement proof ledger: REQ-061-AC08: release-blocking task status: active
requirement proof ledger: REQ-061-AC09: release-blocking evidence status: missing
requirement proof ledger: REQ-061-AC09: release-blocking task status: active
requirement proof ledger: REQ-061-AC10: release-blocking evidence status: missing
requirement proof ledger: REQ-061-AC10: release-blocking task status: active
requirement proof ledger: REQ-061-AC11: release-blocking evidence status: missing
requirement proof ledger: REQ-061-AC11: release-blocking task status: active
requirement proof ledger: REQ-061-AC12: release-blocking evidence status: missing
requirement proof ledger: REQ-061-AC12: release-blocking task status: active
requirement proof ledger: REQ-061-ARCH01: release-blocking evidence status: partial
requirement proof ledger: REQ-061-ARCH01: release-blocking task status: active
requirement proof ledger: REQ-061-ARCH02: release-blocking evidence status: partial
requirement proof ledger: REQ-061-ARCH02: release-blocking task status: active
requirement proof ledger: REQ-061-ARCH03: release-blocking evidence status: missing
requirement proof ledger: REQ-061-ARCH03: release-blocking task status: active
requirement proof ledger: REQ-061-ARCH04: release-blocking evidence status: missing
requirement proof ledger: REQ-061-ARCH04: release-blocking task status: active
requirement proof ledger: REQ-061-ARCH05: release-blocking evidence status: missing
requirement proof ledger: REQ-061-ARCH05: release-blocking task status: active
requirement proof ledger: REQ-061-ARCH06: release-blocking evidence status: partial
requirement proof ledger: REQ-061-ARCH06: release-blocking task status: active
requirement proof ledger: REQ-061-ARCH07: release-blocking evidence status: partial
requirement proof ledger: REQ-061-ARCH07: release-blocking task status: active
requirement proof ledger: REQ-061-ARCH08: release-blocking evidence status: missing
requirement proof ledger: REQ-061-ARCH08: release-blocking task status: active
requirement proof ledger: REQ-061-ARCH09: release-blocking evidence status: missing
requirement proof ledger: REQ-061-ARCH09: release-blocking task status: active
requirement proof ledger: REQ-061-ARCH10: release-blocking evidence status: missing
requirement proof ledger: REQ-061-ARCH10: release-blocking task status: active
requirement proof ledger: REQ-061-ARCH11: release-blocking evidence status: missing
requirement proof ledger: REQ-061-ARCH11: release-blocking task status: active
requirement proof ledger: REQ-061-ARCH12: release-blocking evidence status: missing
requirement proof ledger: REQ-061-ARCH12: release-blocking task status: active
requirement proof ledger: REQ-061-ARCH13: release-blocking evidence status: missing
requirement proof ledger: REQ-061-ARCH13: release-blocking task status: active
requirement proof ledger: REQ-061-ARCH14: release-blocking evidence status: missing
requirement proof ledger: REQ-061-ARCH14: release-blocking task status: active
requirement proof ledger: REQ-061-ARCH15: release-blocking evidence status: partial
requirement proof ledger: REQ-061-ARCH15: release-blocking task status: active
requirement proof ledger: REQ-061-ARCH16: release-blocking evidence status: missing
requirement proof ledger: REQ-061-ARCH16: release-blocking task status: active
requirement proof ledger: REQ-061-ARCH17: release-blocking evidence status: missing
requirement proof ledger: REQ-061-ARCH17: release-blocking task status: active
requirement proof ledger: REQ-061-ARCH18: release-blocking evidence status: missing
requirement proof ledger: REQ-061-ARCH18: release-blocking task status: active
requirement proof ledger: REQ-061-ARCH19: release-blocking evidence status: missing
requirement proof ledger: REQ-061-ARCH19: release-blocking task status: active
requirement proof ledger: REQ-061-CMD01: release-blocking evidence status: missing
requirement proof ledger: REQ-061-CMD01: release-blocking task status: active
requirement proof ledger: REQ-061-CMD02: release-blocking evidence status: partial
requirement proof ledger: REQ-061-CMD02: release-blocking task status: active
requirement proof ledger: REQ-061-CMD03: release-blocking evidence status: partial
requirement proof ledger: REQ-061-CMD03: release-blocking task status: active
requirement proof ledger: REQ-061-CMD04: release-blocking evidence status: missing
requirement proof ledger: REQ-061-CMD04: release-blocking task status: active
requirement proof ledger: REQ-061-CMD05: release-blocking evidence status: missing
requirement proof ledger: REQ-061-CMD05: release-blocking task status: active
requirement proof ledger: REQ-061-CMD06: release-blocking evidence status: partial
requirement proof ledger: REQ-061-CMD06: release-blocking task status: active
requirement proof ledger: REQ-061-CMD07: release-blocking evidence status: missing
requirement proof ledger: REQ-061-CMD07: release-blocking task status: active
requirement proof ledger: REQ-061-CMD08: release-blocking evidence status: missing
requirement proof ledger: REQ-061-CMD08: release-blocking task status: active
requirement proof ledger: REQ-061-CMD09: release-blocking evidence status: missing
requirement proof ledger: REQ-061-CMD09: release-blocking task status: active
requirement proof ledger: REQ-061-CMD10: release-blocking evidence status: missing
requirement proof ledger: REQ-061-CMD10: release-blocking task status: active
requirement proof ledger: REQ-061-CMD11: release-blocking evidence status: missing
requirement proof ledger: REQ-061-CMD11: release-blocking task status: active
requirement proof ledger: REQ-061-MISS01: release-blocking evidence status: partial
requirement proof ledger: REQ-061-MISS01: release-blocking task status: active
requirement proof ledger: REQ-061-MISS02: release-blocking evidence status: partial
requirement proof ledger: REQ-061-MISS02: release-blocking task status: active
requirement proof ledger: REQ-061-MISS03: release-blocking evidence status: missing
requirement proof ledger: REQ-061-MISS03: release-blocking task status: active
requirement proof ledger: REQ-061-MISS04: release-blocking evidence status: missing
requirement proof ledger: REQ-061-MISS04: release-blocking task status: active
requirement proof ledger: REQ-061-MISS05: release-blocking evidence status: missing
requirement proof ledger: REQ-061-MISS05: release-blocking task status: active
requirement proof ledger: REQ-061-MISS06: release-blocking evidence status: missing
requirement proof ledger: REQ-061-MISS06: release-blocking task status: active
requirement proof ledger: REQ-061-MISS07: release-blocking evidence status: missing
requirement proof ledger: REQ-061-MISS07: release-blocking task status: active
requirement proof ledger: REQ-061-MISS08: release-blocking evidence status: missing
requirement proof ledger: REQ-061-MISS08: release-blocking task status: active
requirement proof ledger: REQ-061-MISS09: release-blocking evidence status: missing
requirement proof ledger: REQ-061-MISS09: release-blocking task status: active
requirement proof ledger: REQ-061-MISS10: release-blocking evidence status: missing
requirement proof ledger: REQ-061-MISS10: release-blocking task status: active
requirement proof ledger: REQ-061-MISS11: release-blocking evidence status: partial
requirement proof ledger: REQ-061-MISS11: release-blocking task status: active
requirement proof ledger: REQ-061-MISS12: release-blocking evidence status: partial
requirement proof ledger: REQ-061-MISS12: release-blocking task status: active
requirement proof ledger: REQ-061-MISS13: release-blocking evidence status: missing
requirement proof ledger: REQ-061-MISS13: release-blocking task status: active
requirement proof ledger: REQ-061-NFR01: release-blocking evidence status: partial
requirement proof ledger: REQ-061-NFR01: release-blocking task status: active
requirement proof ledger: REQ-061-NFR02: release-blocking evidence status: partial
requirement proof ledger: REQ-061-NFR02: release-blocking task status: active
requirement proof ledger: REQ-061-NFR03: release-blocking evidence status: missing
requirement proof ledger: REQ-061-NFR03: release-blocking task status: active
requirement proof ledger: REQ-061-NFR04: release-blocking evidence status: missing
requirement proof ledger: REQ-061-NFR04: release-blocking task status: active
requirement proof ledger: REQ-061-NFR05: release-blocking evidence status: missing
requirement proof ledger: REQ-061-NFR05: release-blocking task status: active
requirement proof ledger: REQ-061-NFR06: release-blocking evidence status: partial
requirement proof ledger: REQ-061-NFR06: release-blocking task status: active
requirement proof ledger: REQ-061-NFR07: release-blocking evidence status: partial
requirement proof ledger: REQ-061-NFR07: release-blocking task status: active
requirement proof ledger: REQ-061-NFR08: release-blocking evidence status: missing
requirement proof ledger: REQ-061-NFR08: release-blocking task status: active
requirement proof ledger: REQ-061-NFR09: release-blocking evidence status: missing
requirement proof ledger: REQ-061-NFR09: release-blocking task status: active
requirement proof ledger: REQ-061-NFR10: release-blocking evidence status: missing
requirement proof ledger: REQ-061-NFR10: release-blocking task status: active
