CDB058 - Add Yazelix launch smoke with CodeDB disabled
Date: 2026-07-02
Status: passed

Scope:
- Prove a Yazelix-like Nu launch remains ready when CodeDB is disabled or absent.
- Keep CodeDB optional for launch.
- Do not edit tracked Yazelix config or mutate real HOME/plugin registry.

Changes:
- Added tests/test_yazelix_disabled_smoke.nu.
- Updated docs/YAZELIX_PLACEMENT.md with disabled launch smoke expectations.

Validation passed:
- CODEDB_TEST_CARGO_DIR=/nix/store/amnp0j1awapnf8vqs3bwlyvffpkjl5cl-rust-mixed/bin nu --no-config-file tests/test_yazelix_disabled_smoke.nu
  - status: passed
  - disabled_mode_safe: true
  - launch_status: ready
  - codedb_cli_status: missing:YAZELIX_CODEDB_BIN
  - codedb_plugin_status: missing:YAZELIX_CODEDB_PLUGIN_BIN
  - bridge_rows: 3
- nu --no-config-file --ide-check 100 tests/test_yazelix_disabled_smoke.nu
  - exit 0, hints only
- CODEDB_TEST_CARGO_DIR=/nix/store/amnp0j1awapnf8vqs3bwlyvffpkjl5cl-rust-mixed/bin nu --no-config-file -c 'source tests/test_yazelix_disabled_smoke.nu; main | to json'
  - launch_status: ready
  - disabled_mode_safe: true
- marker search for CDB058/disabled/missing status/no plugin registration text passed
- find fixtures -name Cargo.lock -print | sort
  - printed no paths
- nu --no-config-file tests/test_nushell_syntax_gate.nu
  - status: passed
  - checked_files: 15

Acceptance signal:
- disabled mode safe.
