Using saved setting for 'extra-substituters = https://yazelix.cachix.org' from ~/.local/share/nix/trusted-settings.json.
Using saved setting for 'extra-trusted-public-keys = yazelix.cachix.org-1:ZgxIjQvaP0VTWL8Racx27mpUNzDJ97xC2y7QWYjmGNM=' from ~/.local/share/nix/trusted-settings.json.
warning: ignoring the client-specified setting 'trusted-public-keys', because it is a restricted setting and you are not a trusted user
warning: ignoring the client-specified setting 'trusted-public-keys', because it is a restricted setting and you are not a trusted user
warning: ignoring the client-specified setting 'trusted-public-keys', because it is a restricted setting and you are not a trusted user
evaluation warning: The xorg package set has been deprecated, 'xorg.libX11' has been renamed to 'libx11'
evaluation warning: The xorg package set has been deprecated, 'xorg.libxcb' has been renamed to 'libxcb'
evaluation warning: The xorg package set has been deprecated, 'xorg.libxshmfence' has been renamed to 'libxshmfence'
building '/nix/store/qxbz7jmbplzfg8l1kx91a1dj02k4qqzd-cargo-vendor-dir.drv'...
building '/nix/store/x4hwn0qmp5cgig334ijj8hdvxdivq0pm-yazelix-core-0.1.0.drv'...
building '/nix/store/nmd7hrb9sx01gfad8gh5xj94a869jncm-yzx.drv'...
building '/nix/store/qw1jpxf43j8q16vn5k0rhj5vb2xnp4xs-nix-shell-env.drv'...
warning: ignoring the client-specified setting 'trusted-public-keys', because it is a restricted setting and you are not a trusted user
# CDB023 macro_rules static inventory validation
Thu Jul  2 05:26:02 UTC 2026

## cargo fmt -p codedb-rust-static --check

## cargo test -p codedb-rust-static macro_fixture_passes_with_gaps
   Compiling codedb-rust-static v0.1.0 (/home/flexnetos/Downloads/nu_plugin/crates/codedb_rust_static)
    Finished `test` profile [unoptimized + debuginfo] target(s) in 0.28s
     Running unittests src/lib.rs (target/debug/deps/codedb_rust_static-c47a5d39749741f8)

running 1 test
test tests::macro_fixture_passes_with_gaps ... ok

test result: ok. 1 passed; 0 failed; 0 ignored; 0 measured; 1 filtered out; finished in 0.00s


## cargo test -p codedb-rust-static
   Compiling codedb-rust-static v0.1.0 (/home/flexnetos/Downloads/nu_plugin/crates/codedb_rust_static)
    Finished `test` profile [unoptimized + debuginfo] target(s) in 0.22s
     Running unittests src/lib.rs (target/debug/deps/codedb_rust_static-c47a5d39749741f8)

running 2 tests
test tests::macro_fixture_passes_with_gaps ... ok
test tests::simple_item_fixture_passes ... ok

test result: ok. 2 passed; 0 failed; 0 ignored; 0 measured; 0 filtered out; finished in 0.00s

   Doc-tests codedb_rust_static

running 0 tests

test result: ok. 0 passed; 0 failed; 0 ignored; 0 measured; 0 filtered out; finished in 0.00s

