# CDB003 evidence log
generated_at_utc: 2026-07-02T01:44:15Z
repair_context: Created during CDB068 CSV source-of-truth repair because the audit found completed scaffold rows without raw log files.
task_name: Create task graph and task-file map
status_in_task_graph: complete

verified_artifacts:
- path: execution/TASK_GRAPH.csv
  exists: true
  bytes: 108876
  sha256: f321d5a1533e42438b81d5b1da375a30496dbce09c3346429ea5ab430c2bc18e
- path: execution/TASK_GRAPH.md
  exists: true
  bytes: 12612
  sha256: 53b9dc304570753d1fd23f383b92ff5e0155db300c6b3835db8fe35dd0319e84
- path: execution/TASK_FILE_MAP.csv
  exists: true
  bytes: 29057
  sha256: 42d00cfdf0e046ab55a1a95283fab418e3943889a896ccfb3dccc98b17873010

validation_signal: scaffold artifact paths are exact package-relative paths and exist unless explicitly future/planned.
redaction: no raw secrets recorded in this log.
