CDB052 - Implement transient nu --plugins smoke test
Date: 2026-07-02
Status: passed

Manual probe:
- HOME=$(mktemp -d) XDG_CONFIG_HOME=$HOME/.config XDG_DATA_HOME=$HOME/.local/share XDG_CACHE_HOME=$HOME/.cache nu --no-config-file --plugin-config $HOME/plugins.msgpackz --plugins /home/flexnetos/Downloads/nu_plugin/target/debug/nu_plugin_codedb -c 'codedb tables | to json'
- Output returned JSON table rows including source_files.

Changes:
- Added tests/test_transient_plugin.nu.
- Added examples/nushell/transient_plugin_smoke.nu.

Forbidden action check:
- No real HOME plugin config passed to Nu.
- No plugin add command.
- No persistent user registry mutation.

Validation passed:
- CODEDB_TEST_CARGO_DIR=/nix/store/amnp0j1awapnf8vqs3bwlyvffpkjl5cl-rust-mixed/bin CODEDB_TEST_REPO_ROOT=/home/flexnetos/Downloads/nu_plugin nu /home/flexnetos/Downloads/nu_plugin/tests/test_transient_plugin.nu
  - status: passed
  - row_count: 8
  - first_table: codedb_contexts
  - plugin: /home/flexnetos/Downloads/nu_plugin/target/debug/nu_plugin_codedb
- PATH=/nix/store/amnp0j1awapnf8vqs3bwlyvffpkjl5cl-rust-mixed/bin:$PATH cargo fmt --check

Acceptance signal:
- transient plugin load proven.
