Using saved setting for 'extra-substituters = https://yazelix.cachix.org' from ~/.local/share/nix/trusted-settings.json.
Using saved setting for 'extra-trusted-public-keys = yazelix.cachix.org-1:ZgxIjQvaP0VTWL8Racx27mpUNzDJ97xC2y7QWYjmGNM=' from ~/.local/share/nix/trusted-settings.json.
warning: ignoring the client-specified setting 'trusted-public-keys', because it is a restricted setting and you are not a trusted user
warning: ignoring the client-specified setting 'trusted-public-keys', because it is a restricted setting and you are not a trusted user
warning: ignoring the client-specified setting 'trusted-public-keys', because it is a restricted setting and you are not a trusted user
evaluation warning: The xorg package set has been deprecated, 'xorg.libX11' has been renamed to 'libx11'
evaluation warning: The xorg package set has been deprecated, 'xorg.libxcb' has been renamed to 'libxcb'
evaluation warning: The xorg package set has been deprecated, 'xorg.libxshmfence' has been renamed to 'libxshmfence'
building '/nix/store/ddf3sg4xa5ryhzh4jrcajsbjhc489njp-cargo-vendor-dir.drv'...
building '/nix/store/fmflhp52g862wh13zj02w7rq8hf8qfn4-yazelix-core-0.1.0.drv'...
building '/nix/store/l119g9bisvgrchnpnkabb5hps8qmvl4d-yzx.drv'...
building '/nix/store/5gxwidicb4qww03kc8208xfgrlms0ijc-nix-shell-env.drv'...
warning: ignoring the client-specified setting 'trusted-public-keys', because it is a restricted setting and you are not a trusted user
# CDB021 context row validation
Thu Jul  2 05:18:42 UTC 2026

## cargo fmt -p codedb-cargo --check

## cargo test -p codedb-cargo context_rows_are_keyed_and_deterministic
   Compiling codedb-cargo v0.1.0 (/home/flexnetos/Downloads/nu_plugin/crates/codedb_cargo)
    Finished `test` profile [unoptimized + debuginfo] target(s) in 0.44s
     Running unittests src/lib.rs (target/debug/deps/codedb_cargo-5338f8097068801b)

running 1 test
test tests::context_rows_are_keyed_and_deterministic ... ok

test result: ok. 1 passed; 0 failed; 0 ignored; 0 measured; 2 filtered out; finished in 0.00s


## cargo test -p codedb-cargo
   Compiling codedb-cargo v0.1.0 (/home/flexnetos/Downloads/nu_plugin/crates/codedb_cargo)
    Finished `test` profile [unoptimized + debuginfo] target(s) in 0.33s
     Running unittests src/lib.rs (target/debug/deps/codedb_cargo-5338f8097068801b)

running 3 tests
test tests::cargo_source_classifier_covers_registry_git_and_path ... ok
test tests::context_rows_are_keyed_and_deterministic ... ok
test tests::cargo_metadata_fixture_capture_is_stable ... ok

test result: ok. 3 passed; 0 failed; 0 ignored; 0 measured; 0 filtered out; finished in 0.20s

   Doc-tests codedb_cargo

running 0 tests

test result: ok. 0 passed; 0 failed; 0 ignored; 0 measured; 0 filtered out; finished in 0.00s

