Using saved setting for 'extra-substituters = https://yazelix.cachix.org' from ~/.local/share/nix/trusted-settings.json.
Using saved setting for 'extra-trusted-public-keys = yazelix.cachix.org-1:ZgxIjQvaP0VTWL8Racx27mpUNzDJ97xC2y7QWYjmGNM=' from ~/.local/share/nix/trusted-settings.json.
warning: ignoring the client-specified setting 'trusted-public-keys', because it is a restricted setting and you are not a trusted user
warning: ignoring the client-specified setting 'trusted-public-keys', because it is a restricted setting and you are not a trusted user
warning: ignoring the client-specified setting 'trusted-public-keys', because it is a restricted setting and you are not a trusted user
evaluation warning: The xorg package set has been deprecated, 'xorg.libX11' has been renamed to 'libx11'
evaluation warning: The xorg package set has been deprecated, 'xorg.libxcb' has been renamed to 'libxcb'
evaluation warning: The xorg package set has been deprecated, 'xorg.libxshmfence' has been renamed to 'libxshmfence'
building '/nix/store/46i4pb0g8nrsf3q65rqd3is2s3ijsk79-cargo-vendor-dir.drv'...
building '/nix/store/idqmyg21bmzr0ib13hjfbl72zlgdjrvg-yazelix-core-0.1.0.drv'...
building '/nix/store/ri6a5idmf83wsqr7vx62haycgiri1zy8-yzx.drv'...
building '/nix/store/4lnm5bfkd6qi8h89ixyvxcywhcm3iwmf-nix-shell-env.drv'...
warning: ignoring the client-specified setting 'trusted-public-keys', because it is a restricted setting and you are not a trusted user
# CDB022 Rust item inventory validation
Thu Jul  2 05:22:08 UTC 2026

## cargo fmt -p codedb-rust-static --check

## cargo test -p codedb-rust-static simple_item_fixture_passes
   Compiling unicode-ident v1.0.24
   Compiling proc-macro2 v1.0.106
   Compiling quote v1.0.46
   Compiling syn v2.0.118
   Compiling codedb-rust-static v0.1.0 (/home/flexnetos/Downloads/nu_plugin/crates/codedb_rust_static)
    Finished `test` profile [unoptimized + debuginfo] target(s) in 2.27s
     Running unittests src/lib.rs (target/debug/deps/codedb_rust_static-c47a5d39749741f8)

running 1 test
test tests::simple_item_fixture_passes ... ok

test result: ok. 1 passed; 0 failed; 0 ignored; 0 measured; 0 filtered out; finished in 0.00s


## cargo test -p codedb-rust-static
   Compiling codedb-rust-static v0.1.0 (/home/flexnetos/Downloads/nu_plugin/crates/codedb_rust_static)
    Finished `test` profile [unoptimized + debuginfo] target(s) in 0.19s
     Running unittests src/lib.rs (target/debug/deps/codedb_rust_static-c47a5d39749741f8)

running 1 test
test tests::simple_item_fixture_passes ... ok

test result: ok. 1 passed; 0 failed; 0 ignored; 0 measured; 0 filtered out; finished in 0.00s

   Doc-tests codedb_rust_static

running 0 tests

test result: ok. 0 passed; 0 failed; 0 ignored; 0 measured; 0 filtered out; finished in 0.00s

