Using saved setting for 'extra-substituters = https://yazelix.cachix.org' from ~/.local/share/nix/trusted-settings.json.
Using saved setting for 'extra-trusted-public-keys = yazelix.cachix.org-1:ZgxIjQvaP0VTWL8Racx27mpUNzDJ97xC2y7QWYjmGNM=' from ~/.local/share/nix/trusted-settings.json.
warning: ignoring the client-specified setting 'trusted-public-keys', because it is a restricted setting and you are not a trusted user
warning: ignoring the client-specified setting 'trusted-public-keys', because it is a restricted setting and you are not a trusted user
warning: ignoring the client-specified setting 'trusted-public-keys', because it is a restricted setting and you are not a trusted user
evaluation warning: The xorg package set has been deprecated, 'xorg.libX11' has been renamed to 'libx11'
evaluation warning: The xorg package set has been deprecated, 'xorg.libxcb' has been renamed to 'libxcb'
evaluation warning: The xorg package set has been deprecated, 'xorg.libxshmfence' has been renamed to 'libxshmfence'
building '/nix/store/14jp0vl02d3n76pzvf8hq31gd0r8gs5f-cargo-vendor-dir.drv'...
building '/nix/store/6fqsd285q53nzsf8zmf2k6wldy6jjd93-yazelix-core-0.1.0.drv'...
building '/nix/store/vnnr6h3vvf17dwilp3bvrksc735wan9z-yzx.drv'...
building '/nix/store/71c1v0x3vsr46lfs0y45myd4137j15k5-nix-shell-env.drv'...
warning: ignoring the client-specified setting 'trusted-public-keys', because it is a restricted setting and you are not a trusted user
# CDB024 proc-macro static detection validation
Thu Jul  2 05:29:42 UTC 2026

## cargo fmt -p codedb-rust-static --check

## cargo test -p codedb-rust-static proc_macro_fixture_emits_static_rows_and_gaps
   Compiling codedb-rust-static v0.1.0 (/home/flexnetos/Downloads/nu_plugin/crates/codedb_rust_static)
    Finished `test` profile [unoptimized + debuginfo] target(s) in 0.32s
     Running unittests src/lib.rs (target/debug/deps/codedb_rust_static-c47a5d39749741f8)

running 1 test
test tests::proc_macro_fixture_emits_static_rows_and_gaps ... ok

test result: ok. 1 passed; 0 failed; 0 ignored; 0 measured; 2 filtered out; finished in 0.00s


## cargo test -p codedb-rust-static
   Compiling codedb-rust-static v0.1.0 (/home/flexnetos/Downloads/nu_plugin/crates/codedb_rust_static)
    Finished `test` profile [unoptimized + debuginfo] target(s) in 0.25s
     Running unittests src/lib.rs (target/debug/deps/codedb_rust_static-c47a5d39749741f8)

running 3 tests
test tests::macro_fixture_passes_with_gaps ... ok
test tests::simple_item_fixture_passes ... ok
test tests::proc_macro_fixture_emits_static_rows_and_gaps ... ok

test result: ok. 3 passed; 0 failed; 0 ignored; 0 measured; 0 filtered out; finished in 0.00s

   Doc-tests codedb_rust_static

running 0 tests

test result: ok. 0 passed; 0 failed; 0 ignored; 0 measured; 0 filtered out; finished in 0.00s

