# CDB002 evidence log
generated_at_utc: 2026-07-02T01:44:15Z
repair_context: Created during CDB068 CSV source-of-truth repair because the audit found completed scaffold rows without raw log files.
task_name: Create readiness and stop gates
status_in_task_graph: complete

verified_artifacts:
- path: READINESS_GATE.md
  exists: true
  bytes: 680
  sha256: be7b4693f9cc882aaecd4fa390e5b61ba7f26320ed3ed87cec05f137c9391324
- path: STOP_CONDITIONS.md
  exists: true
  bytes: 776
  sha256: 80221f20d719cd2c1ba0dea61813296ad4ffc4fc1526a2dada17a8e675b92a21
- path: DRIFT_GUARD.md
  exists: true
  bytes: 522
  sha256: 956e1d8de5b03308be2954ce516729b14625ae1877d1c8efd4fbd0af73299054

validation_signal: scaffold artifact paths are exact package-relative paths and exist unless explicitly future/planned.
redaction: no raw secrets recorded in this log.
