timestamp_utc: 2026-07-02T18:05:03Z
task: CDB074 Phase 4 patch generation into isolated worktrees
repo: FlexNetOS/nu_plugin
worktree: /home/flexnetos/FlexNetOS/src/nu_plugin-next-worktree

implementation:
- added generate_isolated_patch_artifact in codedb_core;
- refused patch targets equal to or nested under the source checkout;
- rejected absolute or escaping patch artifact paths;
- required a proof gate before writing patch bytes;
- wrote patch artifacts only beneath the isolated target.

tests:
- nix develop .#ci -c cargo test -p codedb-core isolated_patch

mutation policy:
- no source checkout mutation command was added;
- source apply remains gated by CDB075.

timestamp_utc: 2026-07-12T21:05:37Z
parallel_fixture_repair:
- RED temp_fixture_roots_are_reserved_and_collision_free found 104 unique roots for 128 allocations
- root cause: timestamp-only names were returned before directory reservation
- FIX process-qualified atomic sequence with create_dir reservation and collision retry
- PASS focused allocator regression
- PASS cargo test -q -p codedb-core --lib repeated 50 times
- PASS 1250 default-parallel core library tests; zero failures

redaction: no raw secrets recorded
