Using saved setting for 'extra-substituters = https://yazelix.cachix.org' from ~/.local/share/nix/trusted-settings.json.
Using saved setting for 'extra-trusted-public-keys = yazelix.cachix.org-1:ZgxIjQvaP0VTWL8Racx27mpUNzDJ97xC2y7QWYjmGNM=' from ~/.local/share/nix/trusted-settings.json.
warning: ignoring the client-specified setting 'trusted-public-keys', because it is a restricted setting and you are not a trusted user
warning: ignoring the client-specified setting 'trusted-public-keys', because it is a restricted setting and you are not a trusted user
warning: ignoring the client-specified setting 'trusted-public-keys', because it is a restricted setting and you are not a trusted user
evaluation warning: The xorg package set has been deprecated, 'xorg.libX11' has been renamed to 'libx11'
evaluation warning: The xorg package set has been deprecated, 'xorg.libxcb' has been renamed to 'libxcb'
evaluation warning: The xorg package set has been deprecated, 'xorg.libxshmfence' has been renamed to 'libxshmfence'
building '/nix/store/pvvl7glg03hgi7z95d74z0h9sr31n18c-cargo-vendor-dir.drv'...
building '/nix/store/f2j7vk7pbxca4hj9371yalp5b47kbh9s-yazelix-core-0.1.0.drv'...
building '/nix/store/nm8kryi2cpqwf7v6469bdjrvv5dmjd15-yzx.drv'...
building '/nix/store/iyjdcfay9d901fh21lsg1dg6nbdh4h5m-nix-shell-env.drv'...
warning: ignoring the client-specified setting 'trusted-public-keys', because it is a restricted setting and you are not a trusted user
# CDB017 filesystem scanner validation
Thu Jul  2 05:02:58 UTC 2026

## cargo test -p codedb-core filesystem_scan_rows_are_stable
   Compiling codedb-core v0.1.0 (/home/flexnetos/Downloads/nu_plugin/crates/codedb_core)
    Finished `test` profile [unoptimized + debuginfo] target(s) in 0.22s
     Running unittests src/lib.rs (target/debug/deps/codedb_core-cd134f37d755e460)

running 1 test
test tests::filesystem_scan_rows_are_stable ... ok

test result: ok. 1 passed; 0 failed; 0 ignored; 0 measured; 2 filtered out; finished in 0.00s


## cargo test -p codedb-core
   Compiling codedb-core v0.1.0 (/home/flexnetos/Downloads/nu_plugin/crates/codedb_core)
    Finished `test` profile [unoptimized + debuginfo] target(s) in 0.19s
     Running unittests src/lib.rs (target/debug/deps/codedb_core-cd134f37d755e460)

running 3 tests
test tests::schema_tables_convert_into_rows ... ok
test tests::workspace_identity_is_deterministic ... ok
test tests::filesystem_scan_rows_are_stable ... ok

test result: ok. 3 passed; 0 failed; 0 ignored; 0 measured; 0 filtered out; finished in 0.00s

   Doc-tests codedb_core

running 0 tests

test result: ok. 0 passed; 0 failed; 0 ignored; 0 measured; 0 filtered out; finished in 0.00s

