# CDB001 evidence log
generated_at_utc: 2026-07-02T01:44:15Z
repair_context: Created during CDB068 CSV source-of-truth repair because the audit found completed scaffold rows without raw log files.
task_name: Create AI navigation graph
status_in_task_graph: complete

verified_artifacts:
- path: NAVIGATION.md
  exists: true
  bytes: 4172
  sha256: b0f142026d6567411a2988dcefa9404a12c2cc65cf3daeb34d43b7074df711de
- path: NAVIGATION.json
  exists: true
  bytes: 5425
  sha256: cbb5f02d6d84200a9ac3ed9164cbcfed351b66b4cc95eb5b2626e17a03b40763
- path: DOC_GRAPH.md
  exists: true
  bytes: 792
  sha256: 2119511975e50fa63eeb7c0212ac1492e41afcf74345d73e953757877f6925ce

validation_signal: scaffold artifact paths are exact package-relative paths and exist unless explicitly future/planned.
redaction: no raw secrets recorded in this log.
