Using saved setting for 'extra-substituters = https://yazelix.cachix.org' from ~/.local/share/nix/trusted-settings.json.
Using saved setting for 'extra-trusted-public-keys = yazelix.cachix.org-1:ZgxIjQvaP0VTWL8Racx27mpUNzDJ97xC2y7QWYjmGNM=' from ~/.local/share/nix/trusted-settings.json.
warning: ignoring the client-specified setting 'trusted-public-keys', because it is a restricted setting and you are not a trusted user
warning: ignoring the client-specified setting 'trusted-public-keys', because it is a restricted setting and you are not a trusted user
warning: ignoring the client-specified setting 'trusted-public-keys', because it is a restricted setting and you are not a trusted user
evaluation warning: The xorg package set has been deprecated, 'xorg.libX11' has been renamed to 'libx11'
evaluation warning: The xorg package set has been deprecated, 'xorg.libxcb' has been renamed to 'libxcb'
evaluation warning: The xorg package set has been deprecated, 'xorg.libxshmfence' has been renamed to 'libxshmfence'
building '/nix/store/rilx5n2aarghzk7kz3c240zc4v2c7gyl-cargo-vendor-dir.drv'...
building '/nix/store/3qhsakkqdinrpqj00fl6vkw62nla2riv-yazelix-core-0.1.0.drv'...
building '/nix/store/ca2yi9nw6ynrpay56nxp6wgz5w4yi8zm-yzx.drv'...
building '/nix/store/rb2ha6crjdigw6m335yl86qq4jfpqlsc-nix-shell-env.drv'...
warning: ignoring the client-specified setting 'trusted-public-keys', because it is a restricted setting and you are not a trusted user
# CDB028 no-mutation proof validation
Thu Jul  2 05:42:57 UTC 2026

## cargo fmt -p codedb-core --check

## cargo test -p codedb-core clean_git_fixture_proves_no_mutation
   Compiling codedb-core v0.1.0 (/home/flexnetos/Downloads/nu_plugin/crates/codedb_core)
    Finished `test` profile [unoptimized + debuginfo] target(s) in 0.31s
     Running unittests src/lib.rs (target/debug/deps/codedb_core-c6977de25c23796e)

running 1 test
test tests::clean_git_fixture_proves_no_mutation ... ok

test result: ok. 1 passed; 0 failed; 0 ignored; 0 measured; 6 filtered out; finished in 0.02s


## cargo test -p codedb-core dirty_git_fixture_proves_no_new_mutation
    Finished `test` profile [unoptimized + debuginfo] target(s) in 0.03s
     Running unittests src/lib.rs (target/debug/deps/codedb_core-c6977de25c23796e)

running 1 test
test tests::dirty_git_fixture_proves_no_new_mutation ... ok

test result: ok. 1 passed; 0 failed; 0 ignored; 0 measured; 6 filtered out; finished in 0.02s


## cargo test -p codedb-core
   Compiling codedb-core v0.1.0 (/home/flexnetos/Downloads/nu_plugin/crates/codedb_core)
    Finished `test` profile [unoptimized + debuginfo] target(s) in 0.27s
     Running unittests src/lib.rs (target/debug/deps/codedb_core-c6977de25c23796e)

running 7 tests
test tests::schema_tables_convert_into_rows ... ok
test tests::workspace_identity_is_deterministic ... ok
test tests::secret_like_source_is_redacted_by_policy ... ok
test tests::filesystem_scan_rows_are_stable ... ok
test tests::source_metadata_is_metadata_only_by_default ... ok
test tests::clean_git_fixture_proves_no_mutation ... ok
test tests::dirty_git_fixture_proves_no_new_mutation ... ok

test result: ok. 7 passed; 0 failed; 0 ignored; 0 measured; 0 filtered out; finished in 0.02s

   Doc-tests codedb_core

running 0 tests

test result: ok. 0 passed; 0 failed; 0 ignored; 0 measured; 0 filtered out; finished in 0.00s

